2025-05-05 18:42:25.338 [info] Extension host with pid 78462 started
2025-05-05 18:42:25.338 [info] Skipping acquiring lock for /home/ivar/.config/Code - OSS/User/workspaceStorage/1cff81f3fe86596402243d199078df84.
2025-05-05 18:42:25.456 [info] ExtensionService#_doActivateExtension vscode.emmet, startup: false, activationEvent: 'onLanguage'
2025-05-05 18:42:25.503 [info] ExtensionService#_doActivateExtension vscode.git-base, startup: true, activationEvent: '*', root cause: vscode.git
2025-05-05 18:42:25.505 [info] ExtensionService#_doActivateExtension hoovercj.vscode-settings-cycler, startup: true, activationEvent: '*'
2025-05-05 18:42:25.528 [error] Activating extension hoovercj.vscode-settings-cycler failed due to an error:
2025-05-05 18:42:25.528 [error] Error: Cannot find module '/home/ivar/.vscode-oss/extensions/hoovercj.vscode-settings-cycler-1.0.0/out/src/extension'
Require stack:
- /usr/lib/code/out/vs/workbench/api/node/extensionHostProcess.js
	at Module._resolveFilename (node:internal/modules/cjs/loader:1219:15)
	at n._resolveFilename (node:electron/js2c/utility_init:2:16068)
	at t._resolveFilename (file:///usr/lib/code/out/vs/workbench/api/node/extensionHostProcess.js:183:22672)
	at Module._load (node:internal/modules/cjs/loader:1050:27)
	at c._load (node:electron/js2c/node_init:2:16955)
	at e._load (file:///usr/lib/code/out/vs/workbench/api/node/extensionHostProcess.js:197:1509)
	at t._load (file:///usr/lib/code/out/vs/workbench/api/node/extensionHostProcess.js:183:22390)
	at i._load (file:///usr/lib/code/out/vs/workbench/api/node/extensionHostProcess.js:175:24781)
	at Module.require (node:internal/modules/cjs/loader:1305:19)
	at require (node:internal/modules/helpers:182:18)
	at vV.xb (file:///usr/lib/code/out/vs/workbench/api/node/extensionHostProcess.js:183:23710)
	at async Promise.all (index 0)
2025-05-05 18:42:25.529 [info] ExtensionService#_doActivateExtension vscode.git, startup: true, activationEvent: '*'
2025-05-05 18:42:25.554 [info] ExtensionService#_doActivateExtension vscode.github, startup: true, activationEvent: '*'
2025-05-05 18:42:25.586 [info] Eager extensions activated
2025-05-05 18:42:25.597 [info] ExtensionService#_doActivateExtension vscode.debug-auto-launch, startup: false, activationEvent: 'onStartupFinished'
2025-05-05 18:42:25.598 [info] ExtensionService#_doActivateExtension vscode.merge-conflict, startup: false, activationEvent: 'onStartupFinished'
2025-05-05 18:42:25.607 [info] ExtensionService#_doActivateExtension Catppuccin.catppuccin-vsc, startup: false, activationEvent: 'onStartupFinished'
2025-05-05 18:42:25.610 [info] ExtensionService#_doActivateExtension Catppuccin.catppuccin-vsc-icons, startup: false, activationEvent: 'onStartupFinished'
2025-05-05 18:42:25.649 [info] ExtensionService#_doActivateExtension esbenp.prettier-vscode, startup: false, activationEvent: 'onStartupFinished'
2025-05-05 18:42:25.686 [info] ExtensionService#_doActivateExtension ritwickdey.LiveServer, startup: false, activationEvent: 'onStartupFinished'
2025-05-05 18:43:08.747 [info] Extension host terminating: renderer closed the MessagePort
2025-05-05 18:43:08.750 [info] Extension host with pid 78462 exiting with code 0
