2025-05-05 18:44:44.775 [info] Extension host with pid 81726 started
2025-05-05 18:44:44.775 [info] Skipping acquiring lock for /home/ivar/.config/Code - OSS/User/workspaceStorage/1cff81f3fe86596402243d199078df84.
2025-05-05 18:44:44.854 [info] ExtensionService#_doActivateExtension vscode.emmet, startup: false, activationEvent: 'onLanguage'
2025-05-05 18:44:44.883 [info] ExtensionService#_doActivateExtension vscode.git-base, startup: true, activationEvent: '*', root cause: vscode.git
2025-05-05 18:44:44.884 [info] ExtensionService#_doActivateExtension hoovercj.vscode-settings-cycler, startup: true, activationEvent: '*'
2025-05-05 18:44:44.886 [error] Activating extension hoovercj.vscode-settings-cycler failed due to an error:
2025-05-05 18:44:44.886 [error] Error: Cannot find module '/home/ivar/.vscode-oss/extensions/hoovercj.vscode-settings-cycler-1.0.0/out/src/extension'
Require stack:
- /usr/lib/code/out/vs/workbench/api/node/extensionHostProcess.js
	at Module._resolveFilename (node:internal/modules/cjs/loader:1219:15)
	at n._resolveFilename (node:electron/js2c/utility_init:2:16068)
	at t._resolveFilename (file:///usr/lib/code/out/vs/workbench/api/node/extensionHostProcess.js:183:22672)
	at Module._load (node:internal/modules/cjs/loader:1050:27)
	at c._load (node:electron/js2c/node_init:2:16955)
	at e._load (file:///usr/lib/code/out/vs/workbench/api/node/extensionHostProcess.js:197:1509)
	at t._load (file:///usr/lib/code/out/vs/workbench/api/node/extensionHostProcess.js:183:22390)
	at i._load (file:///usr/lib/code/out/vs/workbench/api/node/extensionHostProcess.js:175:24781)
	at Module.require (node:internal/modules/cjs/loader:1305:19)
	at require (node:internal/modules/helpers:182:18)
	at vV.xb (file:///usr/lib/code/out/vs/workbench/api/node/extensionHostProcess.js:183:23710)
	at async Promise.all (index 0)
2025-05-05 18:44:44.901 [info] ExtensionService#_doActivateExtension vscode.git, startup: true, activationEvent: '*'
2025-05-05 18:44:44.929 [info] ExtensionService#_doActivateExtension vscode.github, startup: true, activationEvent: '*'
2025-05-05 18:44:44.964 [info] Eager extensions activated
2025-05-05 18:44:44.974 [info] ExtensionService#_doActivateExtension vscode.debug-auto-launch, startup: false, activationEvent: 'onStartupFinished'
2025-05-05 18:44:44.976 [info] ExtensionService#_doActivateExtension vscode.merge-conflict, startup: false, activationEvent: 'onStartupFinished'
2025-05-05 18:44:44.985 [info] ExtensionService#_doActivateExtension Catppuccin.catppuccin-vsc, startup: false, activationEvent: 'onStartupFinished'
2025-05-05 18:44:44.988 [info] ExtensionService#_doActivateExtension Catppuccin.catppuccin-vsc-icons, startup: false, activationEvent: 'onStartupFinished'
2025-05-05 18:44:45.027 [info] ExtensionService#_doActivateExtension esbenp.prettier-vscode, startup: false, activationEvent: 'onStartupFinished'
2025-05-05 18:44:45.062 [info] ExtensionService#_doActivateExtension ritwickdey.LiveServer, startup: false, activationEvent: 'onStartupFinished'
2025-05-05 18:47:40.584 [info] Extension host terminating: renderer closed the MessagePort
2025-05-05 18:47:40.588 [info] Extension host with pid 81726 exiting with code 0
